<?xml version="1.0" encoding="UTF-8"?>
<testsuite xmlns:xsi="http://www.w3.org/2001/XMLSchema-instance" xsi:noNamespaceSchemaLocation="https://maven.apache.org/surefire/maven-surefire-plugin/xsd/surefire-test-report.xsd" name="TestSuite" time="146.777" tests="23" errors="0" skipped="0" failures="0">
  <properties>
[...]
</properties>
  <testcase name="getBrokenImage" classname="com.demo.Test.BrokenImagesTest" time="0.467"/>
  <testcase name="handleContextMenu" classname="com.demo.Test.ContextMenuTest" time="0.472"/>
  <testcase name="verifyDragAndDrop" classname="com.demo.Test.DragAndDropTest" time="0.823"/>
  <testcase name="SelectOptionFromDropDown" classname="com.demo.Test.DropdownListTest" time="0.566"/>
  <testcase name="handleModalAd" classname="com.demo.Test.EntryAdTest" time="3.602"/>
  <testcase name="VerifyUploadFile" classname="com.demo.Test.FileUploadTest" time="2.755"/>
  <testcase name="ValidationEmailSentToResetPassword" classname="com.demo.Test.ForgotPasswordTest" time="2.51"/>
  <testcase name="VerifyLogin" classname="com.demo.Test.FormAuthenticationTest" time="1.417"/>
  <testcase name="testHorizontalSlider" classname="com.demo.Test.HorizontalSliderTest" time="0.395"/>
  <testcase name="HoverOverFigure" classname="com.demo.Test.HoversTest" time="1.352"/>
  <testcase name="TypeTextInsideFrame" classname="com.demo.Test.IFrameTest" time="7.566"/>
  <testcase name="checkJsAlert" classname="com.demo.Test.JavaScriptAlertsTest" time="0.34"/>
  <testcase name="checkJsConfirm" classname="com.demo.Test.JavaScriptAlertsTest" time="0.056"/>
  <testcase name="checkJsPrompt" classname="com.demo.Test.JavaScriptAlertsTest" time="0.04"/>
  <testcase name="testBackSpace" classname="com.demo.Test.KeyPressesTest" time="0.326"/>
  <testcase name="testShift" classname="com.demo.Test.KeyPressesTest" time="0.017"/>
  <testcase name="HandleMultipleWindows" classname="com.demo.Test.MultipleWindowsTest" time="0.59"/>
  <testcase name="SwitchBetweenNestedFrames" classname="com.demo.Test.NestedFramesTest" time="1.189"/>
  <testcase name="verifyShiftingContentElement" classname="com.demo.Test.ShiftingContentTest" time="0.608"/>
  <testcase name="verifyImageIsDisplayed" classname="com.demo.Test.ShiftingContentTest" time="0.45"/>
  <testcase name="verifyList" classname="com.demo.Test.ShiftingContentTest" time="0.246"/>
  <testcase name="CheckDynamicLoading" classname="com.demo.Test.DynamicLoadingTest" time="5.966"/>
  <testcase name="testAddMultipleAttributeToDropdown" classname="com.demo.Test.JavaScriptTests" time="0.816"/>
</testsuite>